"D:/Github/learning/StealthGame/Content/Audio/FirstPersonTemplateWeaponFire02.uasset" 0
"../../../Engine/Content/EngineDebugMaterials/BlackUnlitMaterial.uasset" 1
"../../../Engine/Content/EditorMeshes/ArcadeEditorSphere.uasset" 2
"D:/Github/learning/StealthGame/Content/Effects/T_Fire_tile.uasset" 3
"D:/Github/learning/StealthGame/Content/Effects/gold_ore_circle2.uasset" 4
"D:/Github/learning/StealthGame/Content/Effects/sunflare.uasset" 5
"D:/Github/learning/StealthGame/Content/Effects/m_flare_03.uasset" 6
"D:/Github/learning/StealthGame/Content/Effects/M_Volumetric_Streaks.uasset" 7
"D:/Github/learning/StealthGame/Content/Effects/T_MeshFire_Mask.uasset" 8
"D:/Github/learning/StealthGame/Content/Effects/M_single_ray_01.uasset" 9
"D:/Github/learning/StealthGame/Content/Effects/P_gold_ore_aura.uasset" 10
"D:/Github/learning/StealthGame/Content/BlackHole/BP_Blackhole.uasset" 11
"D:/Github/learning/StealthGame/Content/Character/Mesh/SK_Mannequin_Arms_Skeleton.uasset" 12
"D:/Github/learning/StealthGame/Content/Animations/FirstPerson_Idle.uasset" 13
"D:/Github/learning/StealthGame/Content/Animations/FirstPerson_JumpEnd.uasset" 14
"D:/Github/learning/StealthGame/Content/Animations/FirstPerson_JumpLoop.uasset" 15
"D:/Github/learning/StealthGame/Content/Animations/FirstPerson_JumpStart.uasset" 16
"D:/Github/learning/StealthGame/Content/Animations/FirstPerson_Run.uasset" 17
"../../../Engine/Content/EditorBlueprintResources/StandardMacros.uasset" 18
"D:/Github/learning/StealthGame/Content/Animations/FirstPerson_AnimBP.uasset" 19
"D:/Github/learning/StealthGame/Content/Animations/FirstPerson_Fire.uasset" 20
"D:/Github/learning/StealthGame/Content/Weapon/M_Projectile.uasset" 21
"D:/Github/learning/StealthGame/Content/Weapon/FirstPersonProjectileMesh.uasset" 22
"D:/Github/learning/StealthGame/Content/Blueprints/BP_Projectile.uasset" 23
"../../../Engine/Content/EditorSounds/Notifications/CompileSuccess.uasset" 24
"../../../Engine/Content/EditorSounds/Notifications/CompileStart_Cue.uasset" 25
"D:/Github/learning/StealthGame/Content/Character/Textures/UE4_Mannequin__normals.uasset" 26
"D:/Github/learning/StealthGame/Content/Character/Textures/UE4_Mannequin_MAT_MASKA.uasset" 27
"D:/Github/learning/StealthGame/Content/Character/M_PlayerArms.uasset" 28
"D:/Github/learning/StealthGame/Content/Character/Mesh/SK_Mannequin_Arms_PhysicsAsset.uasset" 29
"D:/Github/learning/StealthGame/Content/Character/Mesh/SK_Mannequin_Arms.uasset" 30
"D:/Github/learning/StealthGame/Content/Weapon/T_FPGun_M.uasset" 31
"D:/Github/learning/StealthGame/Content/Weapon/T_FPGun_N.uasset" 32
"D:/Github/learning/StealthGame/Content/Weapon/M_FPGun.uasset" 33
"D:/Github/learning/StealthGame/Content/Weapon/SK_FPGun_Skeleton.uasset" 34
"D:/Github/learning/StealthGame/Content/Weapon/SK_FPGun.uasset" 35
"D:/Github/learning/StealthGame/Content/Blueprints/BP_Player.uasset" 36
"D:/Github/learning/StealthGame/Content/Character/Textures/UE4_LOGO_CARD.uasset" 37
"D:/Github/learning/StealthGame/Content/Effects/T_Flame_Tile.uasset" 38
"D:/Github/learning/StealthGame/Content/Effects/gold_ore_effect.uasset" 39
"D:/Github/learning/StealthGame/Content/Effects/clouds_dust_detail_01.uasset" 40
"D:/Github/learning/StealthGame/Content/Effects/M_wind_swirl_02.uasset" 41
"D:/Github/learning/StealthGame/Content/Effects/S_SandSwirl.uasset" 42
"D:/Github/learning/StealthGame/Content/Effects/P_gold_ore_appearance.uasset" 43
"D:/Github/learning/StealthGame/Content/Effects/P_gold_ore_lost.uasset" 44
"../../../Engine/Content/Functions/Engine_MaterialFunctions01/Opacity/CameraDepthFade.uasset" 45
"../../../Engine/Content/EngineMaterials/T_Default_Material_Grid_M.uasset" 46
"../../../Engine/Content/EngineMaterials/T_Default_Material_Grid_N.uasset" 47
"../../../Engine/Content/EngineMaterials/WorldGridMaterial.uasset" 48
"D:/Github/learning/StealthGame/Content/Effects/round_mask.uasset" 49
"D:/Github/learning/StealthGame/Content/Effects/T_Smoke2_Tile.uasset" 50
"D:/Github/learning/StealthGame/Content/Effects/Coin2.uasset" 51
"D:/Github/learning/StealthGame/Content/Effects/SM_plane_pivot_down.uasset" 52
"D:/Github/learning/StealthGame/Content/Effects/P_gold_ore_received.uasset" 53
"D:/Github/learning/StealthGame/Content/Environment/MF_WorldUVs.uasset" 54
"../../../Engine/Content/EngineResources/WhiteSquareTexture.uasset" 55
"../../../Engine/Content/VREditor/BasicMeshes/T_CleanFloorGrunge_01_D.uasset" 56
"D:/Github/learning/StealthGame/Content/Environment/M_Blockout.uasset" 57
"D:/Github/learning/StealthGame/Content/Environment/MI_BlockoutBasic.uasset" 58
"D:/Github/learning/StealthGame/Content/Launchpad/T_Arrow.uasset" 59
"D:/Github/learning/StealthGame/Content/UI/FirstPersonCrosshair.uasset" 60
"D:/Github/learning/StealthGame/Content/Weapon/SK_FPGun_PhysicsAsset.uasset" 61
"../../../Engine/Content/EngineMaterials/DefaultMaterial.uasset" 62
"../../../Engine/Content/BasicShapes/Cone.uasset" 63
"../../../Engine/Content/BasicShapes/Cylinder.uasset" 64
"../../../Engine/Content/BasicShapes/Sphere.uasset" 65
"../../../Engine/Content/EditorLandscapeResources/DataLayer.uasset" 66
"../../../Engine/Content/EditorMaterials/GizmoMaterial.uasset" 67
"../../../Engine/Content/EditorMaterials/MAT_Groups_Toggle.uasset" 68
"../../../Engine/Content/EditorMaterials/MAT_Groups_Visibility.uasset" 69
"../../../Engine/Content/EditorMaterials/PreviewShadowIndicator.uasset" 70
"../../../Engine/Content/EditorMaterials/PreviewShadowIndicatorMaterial.uasset" 71
"../../../Engine/Content/EditorMaterials/MatineeGroups/MAT_ColorTrack.uasset" 72
"../../../Engine/Content/EditorMaterials/MatineeGroups/MAT_Groups_Anim.uasset" 73
"../../../Engine/Content/EditorMaterials/MatineeGroups/MAT_Groups_AudioMaster.uasset" 74
"../../../Engine/Content/EditorMaterials/MatineeGroups/MAT_Groups_Director.uasset" 75
"../../../Engine/Content/EditorMaterials/MatineeGroups/MAT_Groups_Event.uasset" 76
"../../../Engine/Content/EditorMaterials/MatineeGroups/MAT_Groups_Fade.uasset" 77
"../../../Engine/Content/EditorMaterials/MatineeGroups/MAT_Groups_Float.uasset" 78
"../../../Engine/Content/EditorMaterials/MatineeGroups/MAT_Groups_Move.uasset" 79
"../../../Engine/Content/EditorMaterials/MatineeGroups/MAT_Groups_Slomo.uasset" 80
"../../../Engine/Content/EditorMaterials/MatineeGroups/MAT_Groups_Sound.uasset" 81
"../../../Engine/Content/EditorMaterials/MatineeGroups/MAT_Groups_Vector.uasset" 82
"../../../Engine/Content/EditorMaterials/ParticleSystems/PSysThumbnail_NoImage.uasset" 83
"../../../Engine/Content/EditorMaterials/ParticleSystems/PSysThumbnail_OOD.uasset" 84
"../../../Engine/Content/EditorMaterials/Camera/CineMat.uasset" 85
"../../../Engine/Content/EditorMaterials/Camera/MI_CineMat_Rig.uasset" 86
"../../../Engine/Content/EditorMeshes/Camera/SM_CraneRig_Arm.uasset" 87
"../../../Engine/Content/EditorMeshes/Camera/SM_CraneRig_Base.uasset" 88
"../../../Engine/Content/EditorMeshes/Camera/SM_CraneRig_Body.uasset" 89
"../../../Engine/Content/EditorMeshes/Camera/SM_CraneRig_Mount.uasset" 90
"../../../Engine/Content/EditorMeshes/Camera/SM_RailRig_Mount.uasset" 91
"../../../Engine/Content/EditorMeshes/Camera/SM_RailRig_Track.uasset" 92
"../../../Engine/Content/EditorMeshes/ColorCalibrator/M_ChromeBall.uasset" 93
"../../../Engine/Content/EditorMeshes/ColorCalibrator/M_ClearCoat.uasset" 94
"../../../Engine/Content/EditorMeshes/ColorCalibrator/M_ClearCoatBlack.uasset" 95
"../../../Engine/Content/EditorMeshes/ColorCalibrator/Color_checker.uasset" 96
"../../../Engine/Content/EditorMeshes/ColorCalibrator/M_ColorGrid.uasset" 97
"../../../Engine/Content/EditorMeshes/ColorCalibrator/M_GreyBall.uasset" 98
"../../../Engine/Content/EditorMeshes/ColorCalibrator/SM_ColorCalibrator.uasset" 99
"../../../Engine/Content/EditorResources/BSPVertex.uasset" 100
"../../../Engine/Content/EditorResources/EmptyActor.uasset" 101
"../../../Engine/Content/EditorResources/S_Actor.uasset" 102
"../../../Engine/Content/EditorResources/S_Trigger.uasset" 103
"../../../Engine/Content/EditorResources/LightIcons/S_LightError.uasset" 104
"../../../Engine/Content/EditorResources/SequenceRecorder/Countdown.uasset" 105
"../../../Engine/Content/EditorResources/SequenceRecorder/RecordingIndicator.uasset" 106
"../../../Engine/Content/EditorSounds/Notifications/CompileSuccess_Cue.uasset" 107
"../../../Engine/Content/EngineDamageTypes/DmgTypeBP_Environmental.uasset" 108
"../../../Engine/Content/EngineDebugMaterials/HeatmapGradient.uasset" 109
"../../../Engine/Content/EngineDebugMaterials/BoneWeightMaterial.uasset" 110
"../../../Engine/Content/EngineDebugMaterials/ClothMaterial.uasset" 111
"../../../Engine/Content/EngineDebugMaterials/ClothMaterial_WF.uasset" 112
"../../../Engine/Content/EngineDebugMaterials/DebugEditorMaterial.uasset" 113
"../../../Engine/Content/EngineDebugMaterials/DebugMeshMaterial.uasset" 114
"../../../Engine/Content/EngineDebugMaterials/GeomMaterial.uasset" 115
"../../../Engine/Content/EngineFonts/Faces/RobotoBold.uasset" 116
"../../../Engine/Content/EngineFonts/Faces/RobotoBoldItalic.uasset" 117
"../../../Engine/Content/EngineFonts/Faces/RobotoItalic.uasset" 118
"../../../Engine/Content/EngineFonts/Faces/RobotoLight.uasset" 119
"../../../Engine/Content/EngineFonts/Faces/RobotoRegular.uasset" 120
"../../../Engine/Content/EngineFonts/Roboto.uasset" 121
"../../../Engine/Content/EngineFonts/Faces/RobotoTiny.uasset" 122
"../../../Engine/Content/EngineFonts/RobotoTiny.uasset" 123
"../../../Engine/Content/EngineMaterials/DefaultBloomKernel.uasset" 124
"../../../Engine/Content/EngineMaterials/DefaultBokeh.uasset" 125
"../../../Engine/Content/EngineMaterials/DefaultDiffuse.uasset" 126
"../../../Engine/Content/EngineMaterials/DefaultDeferredDecalMaterial.uasset" 127
"../../../Engine/Content/EngineMaterials/DefaultLightFunctionMaterial.uasset" 128
"../../../Engine/Content/EngineMaterials/DefaultPhysicalMaterial.uasset" 129
"../../../Engine/Content/Functions/Engine_MaterialFunctions02/Utility/BreakOutFloat2Components.uasset" 130
"../../../Engine/Content/EngineMaterials/DefaultPostProcessMaterial.uasset" 131
"../../../Engine/Content/EngineFonts/RobotoDistanceField.uasset" 132
"../../../Engine/Content/EngineMaterials/DefaultTextMaterialOpaque.uasset" 133
"../../../Engine/Content/EngineMaterials/DefaultWhiteGrid.uasset" 134
"../../../Engine/Content/EngineMaterials/EditorBrushMaterial.uasset" 135
"../../../Engine/Content/EngineMaterials/Good64x64TilingNoiseHighFreq.uasset" 136
"../../../Engine/Content/EngineMaterials/MiniFont.uasset" 137
"../../../Engine/Content/EngineMaterials/InvalidLightmapSettings.uasset" 138
"../../../Engine/Content/EngineMaterials/M_InvalidLightmapSettings.uasset" 139
"../../../Engine/Content/Functions/Engine_MaterialFunctions02/WorldPositionOffset/CameraOffset.uasset" 140
"../../../Engine/Content/EngineMaterials/PhAT_JointLimitMaterial.uasset" 141
"../../../Engine/Content/EngineMaterials/PreintegratedSkinBRDF.uasset" 142
"../../../Engine/Content/EngineMaterials/RemoveSurfaceMaterial.uasset" 143
"../../../Engine/Content/EngineMaterials/WeightMapPlaceholderTexture.uasset" 144
"../../../Engine/Content/EngineMaterials/Widget3DPassThrough.uasset" 145
"../../../Engine/Content/EngineMaterials/Widget3DPassThrough_Masked.uasset" 146
"../../../Engine/Content/EngineMaterials/Widget3DPassThrough_Opaque.uasset" 147
"../../../Engine/Content/EngineMaterials/Widget3DPassThrough_Masked_OneSided.uasset" 148
"../../../Engine/Content/EngineMaterials/Widget3DPassThrough_Opaque_OneSided.uasset" 149
"../../../Engine/Content/EngineMaterials/Widget3DPassThrough_Translucent.uasset" 150
"../../../Engine/Content/EngineMaterials/Widget3DPassThrough_Translucent_OneSided.uasset" 151
"../../../Engine/Content/EngineMeshes/Cube.uasset" 152
"../../../Engine/Content/EngineMeshes/Cylinder.uasset" 153
"../../../Engine/Content/EngineMeshes/Sphere.uasset" 154
"../../../Engine/Content/EngineResources/Black.uasset" 155
"../../../Engine/Content/EngineResources/DefaultTexture.uasset" 156
"../../../Engine/Content/EngineResources/DefaultTextureCube.uasset" 157
"../../../Engine/Content/EngineResources/GradientTexture0.uasset" 158
"../../../Engine/Content/EngineSounds/Master.uasset" 159
"../../../Engine/Content/Functions/Engine_MaterialFunctions01/Shading/ConvertFromDiffSpec.uasset" 160
"../../../Engine/Content/Functions/Engine_MaterialFunctions01/Shading/PowerToRoughness.uasset" 161
"../../../Engine/Content/Maps/Templates/Thumbnails/Default.uasset" 162
"../../../Engine/Content/Maps/Templates/Thumbnails/VR-Basic.uasset" 163
"../../../Engine/Content/MobileResources/T_MobileControls_texture.uasset" 164
"../../../Engine/Content/MobileResources/T_MobileMenu2.uasset" 165
"../../../Engine/Content/MobileResources/HUD/AnalogHat.uasset" 166
"../../../Engine/Content/MobileResources/HUD/VirtualJoystick_Background.uasset" 167
"../../../Engine/Content/MobileResources/HUD/VirtualJoystick_Thumb.uasset" 168
"../../../Engine/Content/MobileResources/HUD/DefaultVirtualJoysticks.uasset" 169
"../../../Engine/Content/MobileResources/HUD/LeftVirtualJoystickOnly.uasset" 170
"../../../Engine/Content/MobileResources/HUD/MobileHUDButton1_off.uasset" 171
"../../../Engine/Content/MobileResources/HUD/MobileHUDButton1_on.uasset" 172
"../../../Engine/Content/MobileResources/HUD/MobileHUDButton2_off.uasset" 173
"../../../Engine/Content/MobileResources/HUD/MobileHUDButton2_on.uasset" 174
"../../../Engine/Content/MobileResources/HUD/MobileHUDButton3.uasset" 175
"../../../Engine/Content/MobileResources/HUD/MobileHUDButtonFire.uasset" 176
"../../../Engine/Content/MobileResources/HUD/MobileHUDDirectionPad.uasset" 177
"../../../Engine/Content/MobileResources/HUD/MobileHUDDirectionPad2.uasset" 178
"../../../Engine/Content/MobileResources/HUD/MobileHUDDirectionPad3.uasset" 179
"../../../Engine/Content/MobileResources/HUD/MobileHUDDirectionStick.uasset" 180
"../../../Engine/Content/MobileResources/HUD/T_Castle_ThumbstickInner.uasset" 181
"../../../Engine/Content/MobileResources/HUD/T_Castle_ThumbstickOutter.uasset" 182
"../../../Engine/Content/Tutorial/ContentIntroCurve.uasset" 183
"../../../Engine/Content/Tutorial/Basics/TutorialAssets/icon_tab_Levels_40x.uasset" 184
"../../../Engine/Content/Tutorial/BlueprintTutorials/TutorialAssets/BlueprintInterface_64x.uasset" 185
"../../../Engine/Content/Tutorial/BlueprintTutorials/TutorialAssets/BlueprintMacroLibrary_64x.uasset" 186
"../../../Engine/Content/Tutorial/BlueprintTutorials/TutorialAssets/Blueprint_64x.uasset" 187
"../../../Engine/Content/Tutorial/BlueprintTutorials/TutorialAssets/Tutorial_BP_Interface.uasset" 188
"../../../Engine/Content/Tutorial/Foliage/TutorialAssets/Foliage.uasset" 189
"../../../Engine/Content/Tutorial/Landscape/TutorialAssets/Landscape.uasset" 190
"../../../Engine/Content/Tutorial/Paper2D/TutorialAssets/Paper2DFlipbook_TutorialIcon.uasset" 191
"../../../Engine/Content/Tutorial/Paper2D/TutorialAssets/Paper2DSprite_TutorialIcon.uasset" 192
"../../../Engine/Content/Tutorial/SubEditors/TutorialAssets/icon_Editor_Preferences_General_40x.uasset" 193
"../../../Engine/Content/Tutorial/SubEditors/TutorialAssets/icon_ShowSkeletalMeshes_40x.uasset" 194
"../../../Engine/Content/Tutorial/SubEditors/TutorialAssets/TutorialMaterial.uasset" 195
"../../../Engine/Content/Tutorial/SubEditors/TutorialAssets/T_SmokeSubUV_8X8.uasset" 196
"../../../Engine/Content/Tutorial/SubEditors/TutorialAssets/T_soft_smoke.uasset" 197
"../../../Engine/Content/Tutorial/SubEditors/TutorialAssets/M_smoke_subUV_blackbody.uasset" 198
"../../../Engine/Content/Tutorial/SubEditors/TutorialAssets/TutorialParticleSystem.uasset" 199
"../../../Engine/Content/VREditor/Devices/Generic/GenericHMDMaterial.uasset" 200
"../../../Engine/Content/VREditor/Devices/Generic/GenericHMD.uasset" 201
"../../../Engine/Content/Functions/Engine_MaterialFunctions02/Utility/BreakOutFloat3Components.uasset" 202
"../../../Engine/Content/VREditor/Devices/Vive/VivePreController_MasksB.uasset" 203
"../../../Engine/Content/VREditor/Devices/Oculus/OculusControllerMaterial.uasset" 204
"../../../Engine/Content/VREditor/Devices/Oculus/OculusControllerMaterial_Inst.uasset" 205
"../../../Engine/Content/VREditor/Devices/Oculus/OculusControllerMesh.uasset" 206
"../../../Engine/Content/VREditor/Devices/Vive/T_VivePreController_EM.uasset" 207
"../../../Engine/Content/VREditor/Devices/Vive/VivePreController_MasksA.uasset" 208
"../../../Engine/Content/VREditor/Devices/Vive/VivePreControllerDiffuse.uasset" 209
"../../../Engine/Content/VREditor/Devices/Vive/VivePreControllerSpec.uasset" 210
"../../../Engine/Content/VREditor/LaserPointer/VR_LaserPower_01.uasset" 211
"../../../Engine/Content/VREditor/Devices/Vive/VivePreControllerMaterial.uasset" 212
"../../../Engine/Content/VREditor/Devices/Vive/VivePreControllerMaterial_Inst.uasset" 213
"../../../Engine/Content/VREditor/Devices/Vive/VivePreControllerMesh.uasset" 214
"../../../Engine/Content/VREditor/FloatingText/LineMaterial.uasset" 215
"../../../Engine/Content/VREditor/FloatingText/JointSphere.uasset" 216
"../../../Engine/Content/VREditor/FloatingText/LineSegmentCylinder.uasset" 217
"../../../Engine/Content/VREditor/Fonts/VRText_RobotoLarge.uasset" 218
"../../../Engine/Content/VREditor/Fonts/VRTextMaterial.uasset" 219
"../../../Engine/Content/VREditor/Fonts/TranslucentVRTextMaterial.uasset" 220
"../../../Engine/Content/VREditor/LaserPointer/CursorPointer.uasset" 221
"../../../Engine/Content/VREditor/TransformGizmo/TransformGizmoMaterial.uasset" 222
"../../../Engine/Content/VREditor/LaserPointer/HoverMaterial.uasset" 223
"../../../Engine/Content/VREditor/TransformGizmo/TranslucentTransformGizmoMaterial.uasset" 224
"../../../Engine/Content/VREditor/LaserPointer/TranslucentHoverMaterial.uasset" 225
"../../../Engine/Content/VREditor/LaserPointer/HoverMesh.uasset" 226
"../../../Engine/Content/VREditor/LaserPointer/LaserPointerMaterial.uasset" 227
"../../../Engine/Content/VREditor/LaserPointer/LaserPointerMaterialInst.uasset" 228
"../../../Engine/Content/VREditor/LaserPointer/TranslucentLaserPointerMaterialInst.uasset" 229
"../../../Engine/Content/VREditor/LaserPointer/LaserPointerMesh.uasset" 230
"../../../Engine/Content/VREditor/LaserPointer/LaserPointerMesh_End.uasset" 231
"../../../Engine/Content/VREditor/LaserPointer/LaserPointerMesh_Start.uasset" 232
"../../../Engine/Content/VREditor/Sounds/VR_teleport.uasset" 233
"../../../Engine/Content/VREditor/Sounds/UI/Click_on_Button.uasset" 234
"../../../Engine/Content/VREditor/Sounds/UI/Click_on_Button_Cue.uasset" 235
"../../../Engine/Content/VREditor/Sounds/UI/Dockable_Window_Close.uasset" 236
"../../../Engine/Content/VREditor/Sounds/UI/Dockable_Window_Drop.uasset" 237
"../../../Engine/Content/VREditor/Sounds/UI/Dockable_Window_Open.uasset" 238
"../../../Engine/Content/VREditor/Sounds/UI/Dockable_Window_Pick_Up.uasset" 239
"../../../Engine/Content/VREditor/Sounds/UI/Drop_Item_From_ContentBrowser.uasset" 240
"../../../Engine/Content/VREditor/Sounds/UI/Floating_UI_Open-001.uasset" 241
"../../../Engine/Content/VREditor/Sounds/UI/Radial_Menu_FadeOut.uasset" 242
"../../../Engine/Content/VREditor/Sounds/UI/Teleport_Mode_Entered.uasset" 243
"../../../Engine/Content/VREditor/Teleport/TeleportDirectionMaterial.uasset" 244
"../../../Engine/Content/VREditor/Teleport/TeleportDirectionMaterial_Inst.uasset" 245
"../../../Engine/Content/VREditor/Teleport/TeleportDirectionMesh.uasset" 246
"../../../Engine/Content/VREditor/TransformGizmo/BoundingBoxCorner.uasset" 247
"../../../Engine/Content/VREditor/TransformGizmo/BoundingBoxEdge.uasset" 248
"../../../Engine/Content/VREditor/TransformGizmo/PlaneTranslationHandle.uasset" 249
"../../../Engine/Content/VREditor/TransformGizmo/Main.uasset" 250
"../../../Engine/Content/VREditor/TransformGizmo/Xray.uasset" 251
"../../../Engine/Content/VREditor/TransformGizmo/SM_Dialog_Close.uasset" 252
"../../../Engine/Content/VREditor/TransformGizmo/SM_Dialog_Move.uasset" 253
"../../../Engine/Content/VREditor/TransformGizmo/SM_Sequencer_Key.uasset" 254
"../../../Engine/Content/VREditor/TransformGizmo/SM_Sequencer_Node.uasset" 255
"../../../Engine/Content/VREditor/TransformGizmo/TransformGizmoMaterial_Inst.uasset" 256
"../../../Engine/Content/VREditor/TransformGizmo/TranslucentTransformGizmoMaterial_Inst.uasset" 257
"../../../Engine/Content/VREditor/Devices/Vive/UE4_Logo.uasset" 258
"../../../Engine/Content/VREditor/UI/M_ContentWindow.uasset" 259
"../../../Engine/Content/VREditor/UI/SM_ContentWindow_01.uasset" 260
"../../../Engine/Content/VREditor/UI/KeyDiskMaterial.uasset" 261
"../../../Engine/Content/VREditor/UI/DiscMaterial.uasset" 262
"../../../Engine/Content/VREditor/UI/SM_Radial_Disk.uasset" 263
"../../../Engine/Content/VREditor/UI/ArrowMaterial.uasset" 264
"../../../Engine/Content/VREditor/UI/SM_Radial_Pointer.uasset" 265
"../../../Engine/Content/Functions/Engine_MaterialFunctions01/Gradient/RadialGradient.uasset" 266
"../../../Engine/Content/VREditor/WorldMovementGrid/SimpleGrid.uasset" 267
"../../../Engine/Content/VREditor/WorldMovementGrid/GridMaterial.uasset" 268
"../../../Engine/Content/Functions/Engine_MaterialFunctions01/Density/ExponentialDensity.uasset" 269
"../../../Engine/Content/VREditor/WorldMovementGrid/GridPostProcess.uasset" 270
"../../../Engine/Content/EditorLandscapeResources/FlattenHeightMat.uasset" 271
"../../../Engine/Content/VREditor/WorldMovementGrid/PlaneMesh.uasset" 272
"../../Plugins/2D/Paper2D/Content/PlaceholderTextures/DummySpriteTexture.uasset" 273
"../../Plugins/2D/Paper2D/Content/DummySprite.uasset" 274
"../../Plugins/2D/Paper2D/Content/DefaultPaperTerrainMaterial.uasset" 275
"../../Plugins/2D/Paper2D/Content/DefaultSpriteMaterial.uasset" 276
"../../Plugins/2D/Paper2D/Content/MaskedUnlitSpriteMaterial.uasset" 277
"../../Plugins/2D/Paper2D/Content/OpaqueUnlitSpriteMaterial.uasset" 278
"../../Plugins/Media/MediaCompositing/Content/DefaultMediaPlaneTexture.uasset" 279
"../../Plugins/Media/MediaCompositing/Content/DefaultMediaPlaneMaterial.uasset" 280
"../../../Engine/Content/Functions/Engine_MaterialFunctions02/Utility/MakeFloat4.uasset" 281
"../../Plugins/Runtime/AppleARKit/Content/ARKitCameraMaterial.uasset" 282
"../../Plugins/Runtime/Oculus/OculusVR/Content/Textures/GearVRController_AO.uasset" 283
"../../Plugins/Runtime/Oculus/OculusVR/Content/Textures/GearVRController_Color.uasset" 284
"../../Plugins/Runtime/Oculus/OculusVR/Content/Textures/GearVRController_Normal.uasset" 285
"../../Plugins/Runtime/Oculus/OculusVR/Content/Materials/GearVRControllerMaterial.uasset" 286
"../../Plugins/Runtime/Oculus/OculusVR/Content/Meshes/GearVrController.uasset" 287
"D:/Github/learning/StealthGame/Content/Characters/DwarfGrunt/SkelMesh/DwarfGrunt_R_new_Skeleton.uasset" 288
"D:/Github/learning/StealthGame/Content/Characters/DwarfGrunt/Anims/Idle_1_new.uasset" 289
"D:/Github/learning/StealthGame/Content/Characters/DwarfGrunt/Textures/T_Dwarf_Grunt_Blue_D.uasset" 290
"D:/Github/learning/StealthGame/Content/Characters/DwarfGrunt/Textures/T_Dwarf_Grunt_M.uasset" 291
"D:/Github/learning/StealthGame/Content/Characters/DwarfGrunt/Textures/T_Dwarf_Grunt_N.uasset" 292
"D:/Github/learning/StealthGame/Content/Characters/DwarfGrunt/Materials/M_Dwarf_Grunt.uasset" 293
"D:/Github/learning/StealthGame/Content/Characters/DwarfGrunt/Textures/T_Dwarf_Grunt_Equipment_Blue_D.uasset" 294
"D:/Github/learning/StealthGame/Content/Characters/DwarfGrunt/Textures/T_Dwarf_Grunt_Equipment_Blue_N.uasset" 295
"D:/Github/learning/StealthGame/Content/Characters/DwarfGrunt/Textures/T_Dwarf_Grunt_Equipment_M.uasset" 296
"D:/Github/learning/StealthGame/Content/Characters/DwarfGrunt/Materials/Dwarf_Grunt_Equipment_Blue_MIC.uasset" 297
"D:/Github/learning/StealthGame/Content/Characters/DwarfGrunt/SkelMesh/DwarfGrunt_R_new.uasset" 298
"D:/Github/learning/StealthGame/Content/UI/WBP_GuardState.uasset" 299
"D:/Github/learning/StealthGame/Content/Blueprints/BP_Guard.uasset" 300
"../../../Engine/Content/Functions/Engine_MaterialFunctions02/Texturing/CustomRotator.uasset" 301
"D:/Github/learning/StealthGame/Content/Materials/T_DevPatterns.uasset" 302
"D:/Github/learning/StealthGame/Content/Materials/SpawnBox_M.uasset" 303
"D:/Github/learning/StealthGame/Content/Materials/SpawnBox_M_Inst.uasset" 304
"../../../Engine/Content/EditorSounds/Notifications/CompileFailed.uasset" 305
"../../../Engine/Content/EditorSounds/Notifications/CompileFailed_Cue.uasset" 306
"D:/Github/learning/StealthGame/Content/Blueprints/BP_ExtractionZone.uasset" 307
"D:/Github/learning/StealthGame/Content/UI/WBP_ObjectiveInfo.uasset" 308
"D:/Github/learning/StealthGame/Content/Blueprints/BP_Hud.uasset" 309
"D:/Github/learning/StealthGame/Content/UI/WBP_Gameover.uasset" 310
"D:/Github/learning/StealthGame/Content/Blueprints/BP_PlayerController.uasset" 311
"../../../Engine/Content/EditorMaterials/Camera/MI_CineMat_CameraBody.uasset" 312
"../../../Engine/Content/EngineDebugMaterials/M_SimpleOpaque.uasset" 313
"../../../Engine/Content/EditorMaterials/Camera/MI_CineMat_CamViewFinder.uasset" 314
"../../../Engine/Content/EditorMeshes/Camera/SM_CineCam.uasset" 315
"D:/Github/learning/StealthGame/Content/Blueprints/BP_SpectatingViewpoint.uasset" 316
"D:/Github/learning/StealthGame/Content/Blueprints/BP_GameMode.uasset" 317
"../../../Engine/Content/Functions/Engine_MaterialFunctions02/Utility/Sine_Remapped.uasset" 318
"D:/Github/learning/StealthGame/Content/Blueprints/M_Objective.uasset" 319
"D:/Github/learning/StealthGame/Content/Effects/Textures/T_Burst_M.uasset" 320
"D:/Github/learning/StealthGame/Content/Effects/Materials/M_Burst.uasset" 321
"D:/Github/learning/StealthGame/Content/Effects/Textures/T_Explosion_SubUV.uasset" 322
"D:/Github/learning/StealthGame/Content/Effects/Materials/M_explosion_subUV.uasset" 323
"D:/Github/learning/StealthGame/Content/Effects/Materials/m_flare_01.uasset" 324
"D:/Github/learning/StealthGame/Content/Effects/Materials/M_radial_ramp.uasset" 325
"D:/Github/learning/StealthGame/Content/Effects/Textures/T_Smoke_SubUV.uasset" 326
"D:/Github/learning/StealthGame/Content/Effects/Textures/T_Smoke_Tiled_D.uasset" 327
"D:/Github/learning/StealthGame/Content/Effects/Materials/M_smoke_subUV.uasset" 328
"D:/Github/learning/StealthGame/Content/Effects/P_Explosion.uasset" 329
"D:/Github/learning/StealthGame/Content/Blueprints/BP_Objective.uasset" 330
"D:/Github/learning/StealthGame/Content/Launchpad/M_LaunchPAd.uasset" 331
"D:/Github/learning/StealthGame/Content/Launchpad/M_LaunchPadBase.uasset" 332
"../../../Engine/Content/BasicShapes/Cube.uasset" 333
"../../../Engine/Content/BasicShapes/Plane.uasset" 334
"D:/Github/learning/StealthGame/Content/Launchpad/BP_Launchpad.uasset" 335
"D:/Github/learning/StealthGame/Content/Maps/FirstPersonExampleMap_BuiltData.uasset" 336
"../../../Engine/Content/Functions/Engine_MaterialFunctions03/Procedurals/ComputeFilterWidth.uasset" 337
"D:/Github/learning/StealthGame/Content/Environment/AntiAliasedTextMaterialTranslucent_Glow.uasset" 338
"../../../Engine/Content/EngineMaterials/T_Default_MacroVariation.uasset" 339
"D:/Github/learning/StealthGame/Content/Environment/M_Cube.uasset" 340
"D:/Github/learning/StealthGame/Content/Environment/M_Cube_Inst.uasset" 341
"D:/Github/learning/StealthGame/Content/Environment/M_BlockoutSimple.uasset" 342
"D:/Github/learning/StealthGame/Content/Environment/MI_BlockoutSimple_Inst.uasset" 343
"D:/Github/learning/StealthGame/Content/Environment/Shape_Cube.uasset" 344
"D:/Github/learning/StealthGame/Content/Maps/FirstPersonExampleMap.umap" 345
"../../../Engine/Content/Maps/Entry.umap" 346
